c:\side project\data structure\datastructure\debug\vc141.pdb
c:\side project\data structure\datastructure\debug\vc141.idb
c:\side project\data structure\datastructure\debug\dlinkedlist.obj
c:\side project\data structure\datastructure\debug\main.obj
c:\side project\data structure\datastructure\debug\linkedstack.obj
c:\side project\data structure\datastructure\debug\doublelinkedlist.obj
c:\side project\data structure\datastructure\debug\doubledlinkedlist2.obj
c:\side project\data structure\datastructure\debug\clinkedlist.obj
c:\side project\data structure\datastructure\debug\clinkedlist apply stack.obj
c:\side project\data structure\datastructure\debug\arraystack.obj
c:\side project\data structure\datastructure\debug\arraylist.obj
c:\side project\data structure\datastructure\debug\clinkedlist_solutuion.obj
c:\side project\data structure\debug\datastructure.exe
c:\side project\data structure\debug\datastructure.ilk
c:\side project\data structure\debug\datastructure.pdb
c:\side project\data structure\datastructure\debug\datastructure.obj
c:\side project\data structure\datastructure\debug\linkedlist.obj
c:\side project\data structure\datastructure\debug\pch.obj
c:\side project\data structure\datastructure\debug\datastructure.pch
c:\side project\data structure\datastructure\debug\datastructure.tlog\cl.command.1.tlog
c:\side project\data structure\datastructure\debug\datastructure.tlog\cl.read.1.tlog
c:\side project\data structure\datastructure\debug\datastructure.tlog\cl.write.1.tlog
c:\side project\data structure\datastructure\debug\datastructure.tlog\link.command.1.tlog
c:\side project\data structure\datastructure\debug\datastructure.tlog\link.read.1.tlog
c:\side project\data structure\datastructure\debug\datastructure.tlog\link.write.1.tlog
